2021-11-21 16:45:36.909  INFO 15408 --- [main] com.bluescript.demo.lgucdb01Main         : Starting lgucdb01Main using Java 14 on LAPTOP-1RPTTI2Q with PID 15408 (D:\BLUESCRIPT_DEMO\End-2-EndTestData\JavaMicroservices\Customer\lgucdb01_SBT\target\classes started by jarvi in d:\BLUESCRIPT_DEMO\End-2-EndTestData\JavaMicroservices\Customer\lgucdb01_SBT)
2021-11-21 16:45:36.909  INFO 15408 --- [main] com.bluescript.demo.lgucdb01Main         : No active profile set, falling back to default profiles: default
2021-11-21 16:45:37.618  INFO 15408 --- [main] .s.d.r.c.RepositoryConfigurationDelegate : Bootstrapping Spring Data JPA repositories in DEFAULT mode.
2021-11-21 16:45:37.724  INFO 15408 --- [main] .s.d.r.c.RepositoryConfigurationDelegate : Finished Spring Data repository scanning in 98 ms. Found 1 JPA repository interfaces.
2021-11-21 16:45:38.040  WARN 15408 --- [main] ConfigServletWebServerApplicationContext : Exception encountered during context initialization - cancelling refresh attempt: org.springframework.context.ApplicationContextException: Unable to start web server; nested exception is org.springframework.beans.factory.BeanCreationException: Error creating bean with name 'tomcatServletWebServerFactory' defined in class path resource [org/springframework/boot/autoconfigure/web/servlet/ServletWebServerFactoryConfiguration$EmbeddedTomcat.class]: Initialization of bean failed; nested exception is org.springframework.beans.factory.UnsatisfiedDependencyException: Error creating bean with name 'servletWebServerFactoryCustomizer' defined in class path resource [org/springframework/boot/autoconfigure/web/servlet/ServletWebServerFactoryAutoConfiguration.class]: Unsatisfied dependency expressed through method 'servletWebServerFactoryCustomizer' parameter 0; nested exception is org.springframework.boot.context.properties.ConfigurationPropertiesBindException: Error creating bean with name 'server-org.springframework.boot.autoconfigure.web.ServerProperties': Could not bind properties to 'ServerProperties' : prefix=server, ignoreInvalidFields=false, ignoreUnknownFields=true; nested exception is org.springframework.boot.context.properties.bind.BindException: Failed to bind properties under 'server.port' to java.lang.Integer
2021-11-21 16:45:38.052  INFO 15408 --- [main] ConditionEvaluationReportLoggingListener : 

Error starting ApplicationContext. To display the conditions report re-run your application with 'debug' enabled.
2021-11-21 16:45:38.062 ERROR 15408 --- [main] o.s.b.d.LoggingFailureAnalysisReporter   : 

***************************
APPLICATION FAILED TO START
***************************

Description:

Failed to bind properties under 'server.port' to java.lang.Integer:

    Property: server.port
    Value: {3}
    Origin: class path resource [application.properties] - 1:13
    Reason: failed to convert java.lang.String to java.lang.Integer

Action:

Update your application's configuration

2021-11-21 17:01:10.399  INFO 25360 --- [main] com.bluescript.demo.lgucdb01Main         : Starting lgucdb01Main using Java 14 on LAPTOP-1RPTTI2Q with PID 25360 (D:\BLUESCRIPT_DEMO\End-2-EndTestData\JavaMicroservices\Customer\lgucdb01_SBT\target\classes started by jarvi in d:\BLUESCRIPT_DEMO\End-2-EndTestData\JavaMicroservices\Customer\lgucdb01_SBT)
2021-11-21 17:01:10.412  INFO 25360 --- [main] com.bluescript.demo.lgucdb01Main         : No active profile set, falling back to default profiles: default
2021-11-21 17:01:11.137  INFO 25360 --- [main] .s.d.r.c.RepositoryConfigurationDelegate : Bootstrapping Spring Data JPA repositories in DEFAULT mode.
2021-11-21 17:01:11.252  INFO 25360 --- [main] .s.d.r.c.RepositoryConfigurationDelegate : Finished Spring Data repository scanning in 96 ms. Found 1 JPA repository interfaces.
2021-11-21 17:01:11.651  INFO 25360 --- [main] o.s.b.w.embedded.tomcat.TomcatWebServer  : Tomcat initialized with port(s): 8884 (http)
2021-11-21 17:01:11.656  INFO 25360 --- [main] o.apache.catalina.core.StandardService   : Starting service [Tomcat]
2021-11-21 17:01:11.656  INFO 25360 --- [main] org.apache.catalina.core.StandardEngine  : Starting Servlet engine: [Apache Tomcat/9.0.41]
2021-11-21 17:01:11.740  INFO 25360 --- [main] o.a.c.c.C.[Tomcat].[localhost].[/]       : Initializing Spring embedded WebApplicationContext
2021-11-21 17:01:11.740  INFO 25360 --- [main] w.s.c.ServletWebServerApplicationContext : Root WebApplicationContext: initialization completed in 1295 ms
2021-11-21 17:01:11.850  INFO 25360 --- [main] o.hibernate.jpa.internal.util.LogHelper  : HHH000204: Processing PersistenceUnitInfo [name: default]
2021-11-21 17:01:11.889  INFO 25360 --- [main] org.hibernate.Version                    : HHH000412: Hibernate ORM core version 5.4.27.Final
2021-11-21 17:01:11.974  INFO 25360 --- [main] o.hibernate.annotations.common.Version   : HCANN000001: Hibernate Commons Annotations {5.1.2.Final}
2021-11-21 17:01:12.058  INFO 25360 --- [main] com.zaxxer.hikari.HikariDataSource       : HikariPool-1 - Starting...
2021-11-21 17:01:12.190  INFO 25360 --- [main] com.zaxxer.hikari.HikariDataSource       : HikariPool-1 - Start completed.
2021-11-21 17:01:12.201  INFO 25360 --- [main] org.hibernate.dialect.Dialect            : HHH000400: Using dialect: org.hibernate.dialect.H2Dialect
2021-11-21 17:01:12.676 DEBUG 25360 --- [main] org.hibernate.SQL                        : 
    
    create table customer (
       customernumber varchar(255) not null,
        dateofbirth varchar(255),
        emailaddress varchar(255),
        firstname varchar(255),
        housename varchar(255),
        housenumber varchar(255),
        lastname varchar(255),
        phonehome varchar(255),
        phonemobile varchar(255),
        postcode varchar(255),
        primary key (customernumber)
    )
2021-11-21 17:01:12.684  INFO 25360 --- [main] o.h.e.t.j.p.i.JtaPlatformInitiator       : HHH000490: Using JtaPlatform implementation: [org.hibernate.engine.transaction.jta.platform.internal.NoJtaPlatform]
2021-11-21 17:01:12.688  INFO 25360 --- [main] j.LocalContainerEntityManagerFactoryBean : Initialized JPA EntityManagerFactory for persistence unit 'default'
2021-11-21 17:01:13.155  WARN 25360 --- [main] JpaBaseConfiguration$JpaWebConfiguration : spring.jpa.open-in-view is enabled by default. Therefore, database queries may be performed during view rendering. Explicitly configure spring.jpa.open-in-view to disable this warning
2021-11-21 17:01:13.439  INFO 25360 --- [main] o.s.s.concurrent.ThreadPoolTaskExecutor  : Initializing ExecutorService 'applicationTaskExecutor'
2021-11-21 17:01:13.739  INFO 25360 --- [main] o.s.b.w.embedded.tomcat.TomcatWebServer  : Tomcat started on port(s): 8884 (http) with context path ''
2021-11-21 17:01:13.940  INFO 25360 --- [main] com.bluescript.demo.lgucdb01Main         : Started lgucdb01Main in 3.77 seconds (JVM running for 4.172)
2021-11-21 17:02:04.352  INFO 25360 --- [http-nio-8884-exec-1] o.a.c.c.C.[Tomcat].[localhost].[/]       : Initializing Spring DispatcherServlet 'dispatcherServlet'
2021-11-21 17:02:04.352  INFO 25360 --- [http-nio-8884-exec-1] o.s.web.servlet.DispatcherServlet        : Initializing Servlet 'dispatcherServlet'
2021-11-21 17:02:04.353  INFO 25360 --- [http-nio-8884-exec-1] o.s.web.servlet.DispatcherServlet        : Completed initialization in 0 ms
2021-11-21 17:02:13.912 ERROR 25360 --- [http-nio-8884-exec-2] com.bluescript.demo.Lgucdb01             : org.springframework.dao.InvalidDataAccessApiUsageException: Executing an update/delete query; nested exception is javax.persistence.TransactionRequiredException: Executing an update/delete query

org.springframework.dao.InvalidDataAccessApiUsageException: Executing an update/delete query; nested exception is javax.persistence.TransactionRequiredException: Executing an update/delete query
	at org.springframework.orm.jpa.EntityManagerFactoryUtils.convertJpaAccessExceptionIfPossible(EntityManagerFactoryUtils.java:403) ~[spring-orm-5.3.3.jar:5.3.3]
	at org.springframework.orm.jpa.vendor.HibernateJpaDialect.translateExceptionIfPossible(HibernateJpaDialect.java:235) ~[spring-orm-5.3.3.jar:5.3.3]
	at org.springframework.orm.jpa.AbstractEntityManagerFactoryBean.translateExceptionIfPossible(AbstractEntityManagerFactoryBean.java:551) ~[spring-orm-5.3.3.jar:5.3.3]
	at org.springframework.dao.support.ChainedPersistenceExceptionTranslator.translateExceptionIfPossible(ChainedPersistenceExceptionTranslator.java:61) ~[spring-tx-5.3.3.jar:5.3.3]
	at org.springframework.dao.support.DataAccessUtils.translateIfNecessary(DataAccessUtils.java:242) ~[spring-tx-5.3.3.jar:5.3.3]
	at org.springframework.dao.support.PersistenceExceptionTranslationInterceptor.invoke(PersistenceExceptionTranslationInterceptor.java:152) ~[spring-tx-5.3.3.jar:5.3.3]
	at org.springframework.aop.framework.ReflectiveMethodInvocation.proceed(ReflectiveMethodInvocation.java:186) ~[spring-aop-5.3.3.jar:5.3.3]
	at org.springframework.data.jpa.repository.support.CrudMethodMetadataPostProcessor$CrudMethodMetadataPopulatingMethodInterceptor.invoke(CrudMethodMetadataPostProcessor.java:145) ~[spring-data-jpa-2.4.3.jar:2.4.3]
	at org.springframework.aop.framework.ReflectiveMethodInvocation.proceed(ReflectiveMethodInvocation.java:186) ~[spring-aop-5.3.3.jar:5.3.3]
	at org.springframework.aop.interceptor.ExposeInvocationInterceptor.invoke(ExposeInvocationInterceptor.java:97) ~[spring-aop-5.3.3.jar:5.3.3]
	at org.springframework.aop.framework.ReflectiveMethodInvocation.proceed(ReflectiveMethodInvocation.java:186) ~[spring-aop-5.3.3.jar:5.3.3]
	at org.springframework.aop.framework.JdkDynamicAopProxy.invoke(JdkDynamicAopProxy.java:215) ~[spring-aop-5.3.3.jar:5.3.3]
	at com.sun.proxy.$Proxy100.updateCustomerByCaFirstNameAndCaLastNameAndCaDob(Unknown Source) ~[na:na]
	at com.bluescript.demo.Lgucdb01.updateCustomerInfo(Lgucdb01.java:114) ~[classes/:na]
	at com.bluescript.demo.Lgucdb01.main(Lgucdb01.java:97) ~[classes/:na]
	at com.bluescript.demo.Lgucdb01$$FastClassBySpringCGLIB$$70d32d7.invoke(<generated>) ~[classes/:na]
	at org.springframework.cglib.proxy.MethodProxy.invoke(MethodProxy.java:218) ~[spring-core-5.3.3.jar:5.3.3]
	at org.springframework.aop.framework.CglibAopProxy$DynamicAdvisedInterceptor.intercept(CglibAopProxy.java:688) ~[spring-aop-5.3.3.jar:5.3.3]
	at com.bluescript.demo.Lgucdb01$$EnhancerBySpringCGLIB$$c2038ac6.main(<generated>) ~[classes/:na]
	at java.base/jdk.internal.reflect.NativeMethodAccessorImpl.invoke0(Native Method) ~[na:na]
	at java.base/jdk.internal.reflect.NativeMethodAccessorImpl.invoke(NativeMethodAccessorImpl.java:62) ~[na:na]
	at java.base/jdk.internal.reflect.DelegatingMethodAccessorImpl.invoke(DelegatingMethodAccessorImpl.java:43) ~[na:na]
	at java.base/java.lang.reflect.Method.invoke(Method.java:564) ~[na:na]
	at org.springframework.web.method.support.InvocableHandlerMethod.doInvoke(InvocableHandlerMethod.java:197) ~[spring-web-5.3.3.jar:5.3.3]
	at org.springframework.web.method.support.InvocableHandlerMethod.invokeForRequest(InvocableHandlerMethod.java:141) ~[spring-web-5.3.3.jar:5.3.3]
	at org.springframework.web.servlet.mvc.method.annotation.ServletInvocableHandlerMethod.invokeAndHandle(ServletInvocableHandlerMethod.java:106) ~[spring-webmvc-5.3.3.jar:5.3.3]
	at org.springframework.web.servlet.mvc.method.annotation.RequestMappingHandlerAdapter.invokeHandlerMethod(RequestMappingHandlerAdapter.java:894) ~[spring-webmvc-5.3.3.jar:5.3.3]
	at org.springframework.web.servlet.mvc.method.annotation.RequestMappingHandlerAdapter.handleInternal(RequestMappingHandlerAdapter.java:808) ~[spring-webmvc-5.3.3.jar:5.3.3]
	at org.springframework.web.servlet.mvc.method.AbstractHandlerMethodAdapter.handle(AbstractHandlerMethodAdapter.java:87) ~[spring-webmvc-5.3.3.jar:5.3.3]
	at org.springframework.web.servlet.DispatcherServlet.doDispatch(DispatcherServlet.java:1060) ~[spring-webmvc-5.3.3.jar:5.3.3]
	at org.springframework.web.servlet.DispatcherServlet.doService(DispatcherServlet.java:962) ~[spring-webmvc-5.3.3.jar:5.3.3]
	at org.springframework.web.servlet.FrameworkServlet.processRequest(FrameworkServlet.java:1006) ~[spring-webmvc-5.3.3.jar:5.3.3]
	at org.springframework.web.servlet.FrameworkServlet.doPost(FrameworkServlet.java:909) ~[spring-webmvc-5.3.3.jar:5.3.3]
	at javax.servlet.http.HttpServlet.service(HttpServlet.java:652) ~[tomcat-embed-core-9.0.41.jar:4.0.FR]
	at org.springframework.web.servlet.FrameworkServlet.service(FrameworkServlet.java:883) ~[spring-webmvc-5.3.3.jar:5.3.3]
	at javax.servlet.http.HttpServlet.service(HttpServlet.java:733) ~[tomcat-embed-core-9.0.41.jar:4.0.FR]
	at org.apache.catalina.core.ApplicationFilterChain.internalDoFilter(ApplicationFilterChain.java:231) ~[tomcat-embed-core-9.0.41.jar:9.0.41]
	at org.apache.catalina.core.ApplicationFilterChain.doFilter(ApplicationFilterChain.java:166) ~[tomcat-embed-core-9.0.41.jar:9.0.41]
	at org.apache.tomcat.websocket.server.WsFilter.doFilter(WsFilter.java:53) ~[tomcat-embed-websocket-9.0.41.jar:9.0.41]
	at org.apache.catalina.core.ApplicationFilterChain.internalDoFilter(ApplicationFilterChain.java:193) ~[tomcat-embed-core-9.0.41.jar:9.0.41]
	at org.apache.catalina.core.ApplicationFilterChain.doFilter(ApplicationFilterChain.java:166) ~[tomcat-embed-core-9.0.41.jar:9.0.41]
	at org.springframework.web.filter.RequestContextFilter.doFilterInternal(RequestContextFilter.java:100) ~[spring-web-5.3.3.jar:5.3.3]
	at org.springframework.web.filter.OncePerRequestFilter.doFilter(OncePerRequestFilter.java:119) ~[spring-web-5.3.3.jar:5.3.3]
	at org.apache.catalina.core.ApplicationFilterChain.internalDoFilter(ApplicationFilterChain.java:193) ~[tomcat-embed-core-9.0.41.jar:9.0.41]
	at org.apache.catalina.core.ApplicationFilterChain.doFilter(ApplicationFilterChain.java:166) ~[tomcat-embed-core-9.0.41.jar:9.0.41]
	at org.springframework.web.filter.FormContentFilter.doFilterInternal(FormContentFilter.java:93) ~[spring-web-5.3.3.jar:5.3.3]
	at org.springframework.web.filter.OncePerRequestFilter.doFilter(OncePerRequestFilter.java:119) ~[spring-web-5.3.3.jar:5.3.3]
	at org.apache.catalina.core.ApplicationFilterChain.internalDoFilter(ApplicationFilterChain.java:193) ~[tomcat-embed-core-9.0.41.jar:9.0.41]
	at org.apache.catalina.core.ApplicationFilterChain.doFilter(ApplicationFilterChain.java:166) ~[tomcat-embed-core-9.0.41.jar:9.0.41]
	at org.springframework.web.filter.CharacterEncodingFilter.doFilterInternal(CharacterEncodingFilter.java:201) ~[spring-web-5.3.3.jar:5.3.3]
	at org.springframework.web.filter.OncePerRequestFilter.doFilter(OncePerRequestFilter.java:119) ~[spring-web-5.3.3.jar:5.3.3]
	at org.apache.catalina.core.ApplicationFilterChain.internalDoFilter(ApplicationFilterChain.java:193) ~[tomcat-embed-core-9.0.41.jar:9.0.41]
	at org.apache.catalina.core.ApplicationFilterChain.doFilter(ApplicationFilterChain.java:166) ~[tomcat-embed-core-9.0.41.jar:9.0.41]
	at org.apache.catalina.core.StandardWrapperValve.invoke(StandardWrapperValve.java:202) ~[tomcat-embed-core-9.0.41.jar:9.0.41]
	at org.apache.catalina.core.StandardContextValve.invoke(StandardContextValve.java:97) ~[tomcat-embed-core-9.0.41.jar:9.0.41]
	at org.apache.catalina.authenticator.AuthenticatorBase.invoke(AuthenticatorBase.java:542) ~[tomcat-embed-core-9.0.41.jar:9.0.41]
	at org.apache.catalina.core.StandardHostValve.invoke(StandardHostValve.java:143) ~[tomcat-embed-core-9.0.41.jar:9.0.41]
	at org.apache.catalina.valves.ErrorReportValve.invoke(ErrorReportValve.java:92) ~[tomcat-embed-core-9.0.41.jar:9.0.41]
	at org.apache.catalina.core.StandardEngineValve.invoke(StandardEngineValve.java:78) ~[tomcat-embed-core-9.0.41.jar:9.0.41]
	at org.apache.catalina.connector.CoyoteAdapter.service(CoyoteAdapter.java:343) ~[tomcat-embed-core-9.0.41.jar:9.0.41]
	at org.apache.coyote.http11.Http11Processor.service(Http11Processor.java:374) ~[tomcat-embed-core-9.0.41.jar:9.0.41]
	at org.apache.coyote.AbstractProcessorLight.process(AbstractProcessorLight.java:65) ~[tomcat-embed-core-9.0.41.jar:9.0.41]
	at org.apache.coyote.AbstractProtocol$ConnectionHandler.process(AbstractProtocol.java:888) ~[tomcat-embed-core-9.0.41.jar:9.0.41]
	at org.apache.tomcat.util.net.NioEndpoint$SocketProcessor.doRun(NioEndpoint.java:1597) ~[tomcat-embed-core-9.0.41.jar:9.0.41]
	at org.apache.tomcat.util.net.SocketProcessorBase.run(SocketProcessorBase.java:49) ~[tomcat-embed-core-9.0.41.jar:9.0.41]
	at java.base/java.util.concurrent.ThreadPoolExecutor.runWorker(ThreadPoolExecutor.java:1130) ~[na:na]
	at java.base/java.util.concurrent.ThreadPoolExecutor$Worker.run(ThreadPoolExecutor.java:630) ~[na:na]
	at org.apache.tomcat.util.threads.TaskThread$WrappingRunnable.run(TaskThread.java:61) ~[tomcat-embed-core-9.0.41.jar:9.0.41]
	at java.base/java.lang.Thread.run(Thread.java:832) ~[na:na]
Caused by: javax.persistence.TransactionRequiredException: Executing an update/delete query
	at org.hibernate.internal.AbstractSharedSessionContract.checkTransactionNeededForUpdateOperation(AbstractSharedSessionContract.java:413) ~[hibernate-core-5.4.27.Final.jar:5.4.27.Final]
	at org.hibernate.query.internal.AbstractProducedQuery.executeUpdate(AbstractProducedQuery.java:1668) ~[hibernate-core-5.4.27.Final.jar:5.4.27.Final]
	at org.springframework.data.jpa.repository.query.JpaQueryExecution$ModifyingExecution.doExecute(JpaQueryExecution.java:239) ~[spring-data-jpa-2.4.3.jar:2.4.3]
	at org.springframework.data.jpa.repository.query.JpaQueryExecution.execute(JpaQueryExecution.java:88) ~[spring-data-jpa-2.4.3.jar:2.4.3]
	at org.springframework.data.jpa.repository.query.AbstractJpaQuery.doExecute(AbstractJpaQuery.java:155) ~[spring-data-jpa-2.4.3.jar:2.4.3]
	at org.springframework.data.jpa.repository.query.AbstractJpaQuery.execute(AbstractJpaQuery.java:143) ~[spring-data-jpa-2.4.3.jar:2.4.3]
	at org.springframework.data.repository.core.support.RepositoryMethodInvoker.doInvoke(RepositoryMethodInvoker.java:137) ~[spring-data-commons-2.4.3.jar:2.4.3]
	at org.springframework.data.repository.core.support.RepositoryMethodInvoker.invoke(RepositoryMethodInvoker.java:121) ~[spring-data-commons-2.4.3.jar:2.4.3]
	at org.springframework.data.repository.core.support.QueryExecutorMethodInterceptor.doInvoke(QueryExecutorMethodInterceptor.java:152) ~[spring-data-commons-2.4.3.jar:2.4.3]
	at org.springframework.data.repository.core.support.QueryExecutorMethodInterceptor.invoke(QueryExecutorMethodInterceptor.java:131) ~[spring-data-commons-2.4.3.jar:2.4.3]
	at org.springframework.aop.framework.ReflectiveMethodInvocation.proceed(ReflectiveMethodInvocation.java:186) ~[spring-aop-5.3.3.jar:5.3.3]
	at org.springframework.data.projection.DefaultMethodInvokingMethodInterceptor.invoke(DefaultMethodInvokingMethodInterceptor.java:80) ~[spring-data-commons-2.4.3.jar:2.4.3]
	at org.springframework.aop.framework.ReflectiveMethodInvocation.proceed(ReflectiveMethodInvocation.java:186) ~[spring-aop-5.3.3.jar:5.3.3]
	at org.springframework.transaction.interceptor.TransactionInterceptor$1.proceedWithInvocation(TransactionInterceptor.java:123) ~[spring-tx-5.3.3.jar:5.3.3]
	at org.springframework.transaction.interceptor.TransactionAspectSupport.invokeWithinTransaction(TransactionAspectSupport.java:388) ~[spring-tx-5.3.3.jar:5.3.3]
	at org.springframework.transaction.interceptor.TransactionInterceptor.invoke(TransactionInterceptor.java:119) ~[spring-tx-5.3.3.jar:5.3.3]
	at org.springframework.aop.framework.ReflectiveMethodInvocation.proceed(ReflectiveMethodInvocation.java:186) ~[spring-aop-5.3.3.jar:5.3.3]
	at org.springframework.dao.support.PersistenceExceptionTranslationInterceptor.invoke(PersistenceExceptionTranslationInterceptor.java:137) ~[spring-tx-5.3.3.jar:5.3.3]
	... 63 common frames omitted

2021-11-21 17:02:16.244 ERROR 25360 --- [http-nio-8884-exec-2] com.bluescript.demo.Lgucdb01             : org.springframework.web.reactive.function.client.WebClientRequestException: Connection refused: no further information: localhost/127.0.0.1:8991; nested exception is io.netty.channel.AbstractChannel$AnnotatedConnectException: Connection refused: no further information: localhost/127.0.0.1:8991

org.springframework.web.reactive.function.client.WebClientRequestException: Connection refused: no further information: localhost/127.0.0.1:8991; nested exception is io.netty.channel.AbstractChannel$AnnotatedConnectException: Connection refused: no further information: localhost/127.0.0.1:8991
	at org.springframework.web.reactive.function.client.ExchangeFunctions$DefaultExchangeFunction.lambda$wrapException$9(ExchangeFunctions.java:137) ~[spring-webflux-5.3.3.jar:5.3.3]
	Suppressed: reactor.core.publisher.FluxOnAssembly$OnAssemblyException: 
Error has been observed at the following site(s):
	|_ checkpoint ⇢ Request to POST http://localhost:8991/lgacvs01 [DefaultWebClient]
Stack trace:
		at org.springframework.web.reactive.function.client.ExchangeFunctions$DefaultExchangeFunction.lambda$wrapException$9(ExchangeFunctions.java:137) ~[spring-webflux-5.3.3.jar:5.3.3]
		at reactor.core.publisher.MonoErrorSupplied.subscribe(MonoErrorSupplied.java:70) ~[reactor-core-3.4.2.jar:3.4.2]
		at reactor.core.publisher.Mono.subscribe(Mono.java:4046) ~[reactor-core-3.4.2.jar:3.4.2]
		at reactor.core.publisher.FluxOnErrorResume$ResumeSubscriber.onError(FluxOnErrorResume.java:103) ~[reactor-core-3.4.2.jar:3.4.2]
		at reactor.core.publisher.FluxPeek$PeekSubscriber.onError(FluxPeek.java:221) ~[reactor-core-3.4.2.jar:3.4.2]
		at reactor.core.publisher.FluxPeek$PeekSubscriber.onError(FluxPeek.java:221) ~[reactor-core-3.4.2.jar:3.4.2]
		at reactor.core.publisher.FluxPeek$PeekSubscriber.onError(FluxPeek.java:221) ~[reactor-core-3.4.2.jar:3.4.2]
		at reactor.core.publisher.MonoNext$NextSubscriber.onError(MonoNext.java:93) ~[reactor-core-3.4.2.jar:3.4.2]
		at reactor.core.publisher.MonoFlatMapMany$FlatMapManyMain.onError(MonoFlatMapMany.java:204) ~[reactor-core-3.4.2.jar:3.4.2]
		at reactor.core.publisher.SerializedSubscriber.onError(SerializedSubscriber.java:124) ~[reactor-core-3.4.2.jar:3.4.2]
		at reactor.core.publisher.FluxRetryWhen$RetryWhenMainSubscriber.whenError(FluxRetryWhen.java:224) ~[reactor-core-3.4.2.jar:3.4.2]
		at reactor.core.publisher.FluxRetryWhen$RetryWhenOtherSubscriber.onError(FluxRetryWhen.java:273) ~[reactor-core-3.4.2.jar:3.4.2]
		at reactor.core.publisher.FluxConcatMap$ConcatMapImmediate.drain(FluxConcatMap.java:413) ~[reactor-core-3.4.2.jar:3.4.2]
		at reactor.core.publisher.FluxConcatMap$ConcatMapImmediate.onNext(FluxConcatMap.java:250) ~[reactor-core-3.4.2.jar:3.4.2]
		at reactor.core.publisher.EmitterProcessor.drain(EmitterProcessor.java:491) ~[reactor-core-3.4.2.jar:3.4.2]
		at reactor.core.publisher.EmitterProcessor.tryEmitNext(EmitterProcessor.java:299) ~[reactor-core-3.4.2.jar:3.4.2]
		at reactor.core.publisher.SinkManySerialized.tryEmitNext(SinkManySerialized.java:97) ~[reactor-core-3.4.2.jar:3.4.2]
		at reactor.core.publisher.InternalManySink.emitNext(InternalManySink.java:27) ~[reactor-core-3.4.2.jar:3.4.2]
		at reactor.core.publisher.FluxRetryWhen$RetryWhenMainSubscriber.onError(FluxRetryWhen.java:189) ~[reactor-core-3.4.2.jar:3.4.2]
		at reactor.core.publisher.MonoCreate$DefaultMonoSink.error(MonoCreate.java:189) ~[reactor-core-3.4.2.jar:3.4.2]
		at reactor.netty.http.client.HttpClientConnect$MonoHttpConnect$ClientTransportSubscriber.onError(HttpClientConnect.java:306) ~[reactor-netty-http-1.0.3.jar:1.0.3]
		at reactor.core.publisher.MonoCreate$DefaultMonoSink.error(MonoCreate.java:189) ~[reactor-core-3.4.2.jar:3.4.2]
		at reactor.netty.resources.DefaultPooledConnectionProvider$DisposableAcquire.onError(DefaultPooledConnectionProvider.java:166) ~[reactor-netty-core-1.0.3.jar:1.0.3]
		at reactor.netty.internal.shaded.reactor.pool.AbstractPool$Borrower.fail(AbstractPool.java:427) ~[reactor-netty-core-1.0.3.jar:1.0.3]
		at reactor.netty.internal.shaded.reactor.pool.SimpleDequePool.lambda$drainLoop$5(SimpleDequePool.java:309) ~[reactor-netty-core-1.0.3.jar:1.0.3]
		at reactor.core.publisher.FluxDoOnEach$DoOnEachSubscriber.onError(FluxDoOnEach.java:186) ~[reactor-core-3.4.2.jar:3.4.2]
		at reactor.core.publisher.MonoCreate$DefaultMonoSink.error(MonoCreate.java:189) ~[reactor-core-3.4.2.jar:3.4.2]
		at reactor.netty.resources.DefaultPooledConnectionProvider$PooledConnectionAllocator$PooledConnectionInitializer.onError(DefaultPooledConnectionProvider.java:565) ~[reactor-netty-core-1.0.3.jar:1.0.3]
		at reactor.core.publisher.MonoFlatMap$FlatMapMain.secondError(MonoFlatMap.java:192) ~[reactor-core-3.4.2.jar:3.4.2]
		at reactor.core.publisher.MonoFlatMap$FlatMapInner.onError(MonoFlatMap.java:259) ~[reactor-core-3.4.2.jar:3.4.2]
		at reactor.netty.transport.TransportConnector$MonoChannelPromise.tryFailure(TransportConnector.java:464) ~[reactor-netty-core-1.0.3.jar:1.0.3]
		at reactor.netty.transport.TransportConnector$MonoChannelPromise$1.tryFailure(TransportConnector.java:515) ~[reactor-netty-core-1.0.3.jar:1.0.3]
		at io.netty.channel.nio.AbstractNioChannel$AbstractNioUnsafe.fulfillConnectPromise(AbstractNioChannel.java:321) ~[netty-transport-4.1.58.Final.jar:4.1.58.Final]
		at io.netty.channel.nio.AbstractNioChannel$AbstractNioUnsafe.finishConnect(AbstractNioChannel.java:337) ~[netty-transport-4.1.58.Final.jar:4.1.58.Final]
		at io.netty.channel.nio.NioEventLoop.processSelectedKey(NioEventLoop.java:707) ~[netty-transport-4.1.58.Final.jar:4.1.58.Final]
		at io.netty.channel.nio.NioEventLoop.processSelectedKeysOptimized(NioEventLoop.java:655) ~[netty-transport-4.1.58.Final.jar:4.1.58.Final]
		at io.netty.channel.nio.NioEventLoop.processSelectedKeys(NioEventLoop.java:581) ~[netty-transport-4.1.58.Final.jar:4.1.58.Final]
		at io.netty.channel.nio.NioEventLoop.run(NioEventLoop.java:493) ~[netty-transport-4.1.58.Final.jar:4.1.58.Final]
		at io.netty.util.concurrent.SingleThreadEventExecutor$4.run(SingleThreadEventExecutor.java:989) ~[netty-common-4.1.58.Final.jar:4.1.58.Final]
		at io.netty.util.internal.ThreadExecutorMap$2.run(ThreadExecutorMap.java:74) ~[netty-common-4.1.58.Final.jar:4.1.58.Final]
		at io.netty.util.concurrent.FastThreadLocalRunnable.run(FastThreadLocalRunnable.java:30) ~[netty-common-4.1.58.Final.jar:4.1.58.Final]
		at java.base/java.lang.Thread.run(Thread.java:832) ~[na:na]
	Suppressed: java.lang.Exception: #block terminated with an error
		at reactor.core.publisher.BlockingSingleSubscriber.blockingGet(BlockingSingleSubscriber.java:99) ~[reactor-core-3.4.2.jar:3.4.2]
		at reactor.core.publisher.Mono.block(Mono.java:1703) ~[reactor-core-3.4.2.jar:3.4.2]
		at com.bluescript.demo.Lgucdb01.main(Lgucdb01.java:103) ~[classes/:na]
		at com.bluescript.demo.Lgucdb01$$FastClassBySpringCGLIB$$70d32d7.invoke(<generated>) ~[classes/:na]
		at org.springframework.cglib.proxy.MethodProxy.invoke(MethodProxy.java:218) ~[spring-core-5.3.3.jar:5.3.3]
		at org.springframework.aop.framework.CglibAopProxy$DynamicAdvisedInterceptor.intercept(CglibAopProxy.java:688) ~[spring-aop-5.3.3.jar:5.3.3]
		at com.bluescript.demo.Lgucdb01$$EnhancerBySpringCGLIB$$c2038ac6.main(<generated>) ~[classes/:na]
		at java.base/jdk.internal.reflect.NativeMethodAccessorImpl.invoke0(Native Method) ~[na:na]
		at java.base/jdk.internal.reflect.NativeMethodAccessorImpl.invoke(NativeMethodAccessorImpl.java:62) ~[na:na]
		at java.base/jdk.internal.reflect.DelegatingMethodAccessorImpl.invoke(DelegatingMethodAccessorImpl.java:43) ~[na:na]
		at java.base/java.lang.reflect.Method.invoke(Method.java:564) ~[na:na]
		at org.springframework.web.method.support.InvocableHandlerMethod.doInvoke(InvocableHandlerMethod.java:197) ~[spring-web-5.3.3.jar:5.3.3]
		at org.springframework.web.method.support.InvocableHandlerMethod.invokeForRequest(InvocableHandlerMethod.java:141) ~[spring-web-5.3.3.jar:5.3.3]
		at org.springframework.web.servlet.mvc.method.annotation.ServletInvocableHandlerMethod.invokeAndHandle(ServletInvocableHandlerMethod.java:106) ~[spring-webmvc-5.3.3.jar:5.3.3]
		at org.springframework.web.servlet.mvc.method.annotation.RequestMappingHandlerAdapter.invokeHandlerMethod(RequestMappingHandlerAdapter.java:894) ~[spring-webmvc-5.3.3.jar:5.3.3]
		at org.springframework.web.servlet.mvc.method.annotation.RequestMappingHandlerAdapter.handleInternal(RequestMappingHandlerAdapter.java:808) ~[spring-webmvc-5.3.3.jar:5.3.3]
		at org.springframework.web.servlet.mvc.method.AbstractHandlerMethodAdapter.handle(AbstractHandlerMethodAdapter.java:87) ~[spring-webmvc-5.3.3.jar:5.3.3]
		at org.springframework.web.servlet.DispatcherServlet.doDispatch(DispatcherServlet.java:1060) ~[spring-webmvc-5.3.3.jar:5.3.3]
		at org.springframework.web.servlet.DispatcherServlet.doService(DispatcherServlet.java:962) ~[spring-webmvc-5.3.3.jar:5.3.3]
		at org.springframework.web.servlet.FrameworkServlet.processRequest(FrameworkServlet.java:1006) ~[spring-webmvc-5.3.3.jar:5.3.3]
		at org.springframework.web.servlet.FrameworkServlet.doPost(FrameworkServlet.java:909) ~[spring-webmvc-5.3.3.jar:5.3.3]
		at javax.servlet.http.HttpServlet.service(HttpServlet.java:652) ~[tomcat-embed-core-9.0.41.jar:4.0.FR]
		at org.springframework.web.servlet.FrameworkServlet.service(FrameworkServlet.java:883) ~[spring-webmvc-5.3.3.jar:5.3.3]
		at javax.servlet.http.HttpServlet.service(HttpServlet.java:733) ~[tomcat-embed-core-9.0.41.jar:4.0.FR]
		at org.apache.catalina.core.ApplicationFilterChain.internalDoFilter(ApplicationFilterChain.java:231) ~[tomcat-embed-core-9.0.41.jar:9.0.41]
		at org.apache.catalina.core.ApplicationFilterChain.doFilter(ApplicationFilterChain.java:166) ~[tomcat-embed-core-9.0.41.jar:9.0.41]
		at org.apache.tomcat.websocket.server.WsFilter.doFilter(WsFilter.java:53) ~[tomcat-embed-websocket-9.0.41.jar:9.0.41]
		at org.apache.catalina.core.ApplicationFilterChain.internalDoFilter(ApplicationFilterChain.java:193) ~[tomcat-embed-core-9.0.41.jar:9.0.41]
		at org.apache.catalina.core.ApplicationFilterChain.doFilter(ApplicationFilterChain.java:166) ~[tomcat-embed-core-9.0.41.jar:9.0.41]
		at org.springframework.web.filter.RequestContextFilter.doFilterInternal(RequestContextFilter.java:100) ~[spring-web-5.3.3.jar:5.3.3]
		at org.springframework.web.filter.OncePerRequestFilter.doFilter(OncePerRequestFilter.java:119) ~[spring-web-5.3.3.jar:5.3.3]
		at org.apache.catalina.core.ApplicationFilterChain.internalDoFilter(ApplicationFilterChain.java:193) ~[tomcat-embed-core-9.0.41.jar:9.0.41]
		at org.apache.catalina.core.ApplicationFilterChain.doFilter(ApplicationFilterChain.java:166) ~[tomcat-embed-core-9.0.41.jar:9.0.41]
		at org.springframework.web.filter.FormContentFilter.doFilterInternal(FormContentFilter.java:93) ~[spring-web-5.3.3.jar:5.3.3]
		at org.springframework.web.filter.OncePerRequestFilter.doFilter(OncePerRequestFilter.java:119) ~[spring-web-5.3.3.jar:5.3.3]
		at org.apache.catalina.core.ApplicationFilterChain.internalDoFilter(ApplicationFilterChain.java:193) ~[tomcat-embed-core-9.0.41.jar:9.0.41]
		at org.apache.catalina.core.ApplicationFilterChain.doFilter(ApplicationFilterChain.java:166) ~[tomcat-embed-core-9.0.41.jar:9.0.41]
		at org.springframework.web.filter.CharacterEncodingFilter.doFilterInternal(CharacterEncodingFilter.java:201) ~[spring-web-5.3.3.jar:5.3.3]
		at org.springframework.web.filter.OncePerRequestFilter.doFilter(OncePerRequestFilter.java:119) ~[spring-web-5.3.3.jar:5.3.3]
		at org.apache.catalina.core.ApplicationFilterChain.internalDoFilter(ApplicationFilterChain.java:193) ~[tomcat-embed-core-9.0.41.jar:9.0.41]
		at org.apache.catalina.core.ApplicationFilterChain.doFilter(ApplicationFilterChain.java:166) ~[tomcat-embed-core-9.0.41.jar:9.0.41]
		at org.apache.catalina.core.StandardWrapperValve.invoke(StandardWrapperValve.java:202) ~[tomcat-embed-core-9.0.41.jar:9.0.41]
		at org.apache.catalina.core.StandardContextValve.invoke(StandardContextValve.java:97) ~[tomcat-embed-core-9.0.41.jar:9.0.41]
		at org.apache.catalina.authenticator.AuthenticatorBase.invoke(AuthenticatorBase.java:542) ~[tomcat-embed-core-9.0.41.jar:9.0.41]
		at org.apache.catalina.core.StandardHostValve.invoke(StandardHostValve.java:143) ~[tomcat-embed-core-9.0.41.jar:9.0.41]
		at org.apache.catalina.valves.ErrorReportValve.invoke(ErrorReportValve.java:92) ~[tomcat-embed-core-9.0.41.jar:9.0.41]
		at org.apache.catalina.core.StandardEngineValve.invoke(StandardEngineValve.java:78) ~[tomcat-embed-core-9.0.41.jar:9.0.41]
		at org.apache.catalina.connector.CoyoteAdapter.service(CoyoteAdapter.java:343) ~[tomcat-embed-core-9.0.41.jar:9.0.41]
		at org.apache.coyote.http11.Http11Processor.service(Http11Processor.java:374) ~[tomcat-embed-core-9.0.41.jar:9.0.41]
		at org.apache.coyote.AbstractProcessorLight.process(AbstractProcessorLight.java:65) ~[tomcat-embed-core-9.0.41.jar:9.0.41]
		at org.apache.coyote.AbstractProtocol$ConnectionHandler.process(AbstractProtocol.java:888) ~[tomcat-embed-core-9.0.41.jar:9.0.41]
		at org.apache.tomcat.util.net.NioEndpoint$SocketProcessor.doRun(NioEndpoint.java:1597) ~[tomcat-embed-core-9.0.41.jar:9.0.41]
		at org.apache.tomcat.util.net.SocketProcessorBase.run(SocketProcessorBase.java:49) ~[tomcat-embed-core-9.0.41.jar:9.0.41]
		at java.base/java.util.concurrent.ThreadPoolExecutor.runWorker(ThreadPoolExecutor.java:1130) ~[na:na]
		at java.base/java.util.concurrent.ThreadPoolExecutor$Worker.run(ThreadPoolExecutor.java:630) ~[na:na]
		at org.apache.tomcat.util.threads.TaskThread$WrappingRunnable.run(TaskThread.java:61) ~[tomcat-embed-core-9.0.41.jar:9.0.41]
		at java.base/java.lang.Thread.run(Thread.java:832) ~[na:na]
Caused by: io.netty.channel.AbstractChannel$AnnotatedConnectException: Connection refused: no further information: localhost/127.0.0.1:8991
Caused by: java.net.ConnectException: Connection refused: no further information
	at java.base/sun.nio.ch.Net.pollConnect(Native Method) ~[na:na]
	at java.base/sun.nio.ch.Net.pollConnectNow(Net.java:589) ~[na:na]
	at java.base/sun.nio.ch.SocketChannelImpl.finishConnect(SocketChannelImpl.java:839) ~[na:na]
	at io.netty.channel.socket.nio.NioSocketChannel.doFinishConnect(NioSocketChannel.java:330) ~[netty-transport-4.1.58.Final.jar:4.1.58.Final]
	at io.netty.channel.nio.AbstractNioChannel$AbstractNioUnsafe.finishConnect(AbstractNioChannel.java:334) ~[netty-transport-4.1.58.Final.jar:4.1.58.Final]
	at io.netty.channel.nio.NioEventLoop.processSelectedKey(NioEventLoop.java:707) ~[netty-transport-4.1.58.Final.jar:4.1.58.Final]
	at io.netty.channel.nio.NioEventLoop.processSelectedKeysOptimized(NioEventLoop.java:655) ~[netty-transport-4.1.58.Final.jar:4.1.58.Final]
	at io.netty.channel.nio.NioEventLoop.processSelectedKeys(NioEventLoop.java:581) ~[netty-transport-4.1.58.Final.jar:4.1.58.Final]
	at io.netty.channel.nio.NioEventLoop.run(NioEventLoop.java:493) ~[netty-transport-4.1.58.Final.jar:4.1.58.Final]
	at io.netty.util.concurrent.SingleThreadEventExecutor$4.run(SingleThreadEventExecutor.java:989) ~[netty-common-4.1.58.Final.jar:4.1.58.Final]
	at io.netty.util.internal.ThreadExecutorMap$2.run(ThreadExecutorMap.java:74) ~[netty-common-4.1.58.Final.jar:4.1.58.Final]
	at io.netty.util.concurrent.FastThreadLocalRunnable.run(FastThreadLocalRunnable.java:30) ~[netty-common-4.1.58.Final.jar:4.1.58.Final]
	at java.base/java.lang.Thread.run(Thread.java:832) ~[na:na]

